<?xml version="1.0" encoding="UTF-8"?>
<testsuite name="JUnitTest" tests="1" skipped="0" failures="0" errors="0" timestamp="2024-05-01T14:26:57" hostname="Hyebinui-MacBookPro.local" time="0.005">
  <properties/>
  <testcase name="1 + 2는 3이다." classname="JUnitTest" time="0.005"/>
  <system-out><![CDATA[]]></system-out>
  <system-err><![CDATA[]]></system-err>
</testsuite>
